host: login01
Building DAG of jobs...
Using shell: /usr/bin/bash
Provided cores: 80
Rules claiming more threads will be scaled down.
Job stats:
job          count
---------  -------
all              1
filter           1
plot             1
read_data        2
total            5

Select jobs to execute...
Execute 1 jobs...

[Mon Nov 11 15:02:09 2024]
localrule filter:
    input: gdc_sample_sheet.tsv
    output: primary_tumor.tsv, solid_tissue_normal.tsv
    jobid: 3
    reason: Missing output files: primary_tumor.tsv, solid_tissue_normal.tsv
    resources: tmpdir=/tmp

[Mon Nov 11 15:02:10 2024]
Error in rule filter:
    jobid: 3
    input: gdc_sample_sheet.tsv
    output: primary_tumor.tsv, solid_tissue_normal.tsv

Shutting down, this might take some time.
Exiting because a job execution failed. Look above for error message
Complete log: .snakemake/log/2024-11-11T150208.925909.snakemake.log
WorkflowError:
At least one job did not complete successfully.
