host: login01
Building DAG of jobs...
Using shell: /usr/bin/bash
Provided cores: 1 (use --cores to define parallelism)
Rules claiming more threads will be scaled down.
Job stats:
job          count
---------  -------
read_data        1
total            1

Select jobs to execute...
Execute 1 jobs...

[Wed Oct 23 19:06:46 2024]
localrule read_data:
    input: primary_tumor.tsv
    output: tpm_pt.tsv
    jobid: 0
    reason: Missing output files: tpm_pt.tsv
    resources: tmpdir=/tmp

[Wed Oct 23 19:06:59 2024]
Finished job 0.
1 of 1 steps (100%) done
Complete log: .snakemake/log/2024-10-23T190646.378345.snakemake.log
