host: login01
Building DAG of jobs...
Using shell: /usr/bin/bash
Provided cores: 80
Rules claiming more threads will be scaled down.
Job stats:
job          count
---------  -------
all              1
filter           2
plot             1
read_data        2
total            6

Select jobs to execute...
Execute 2 jobs...

[Mon Nov 11 15:11:58 2024]
localrule filter:
    input: gdc_sample_sheet.tsv
    output: filtered_solid_tissue_normal.tsv
    jobid: 5
    reason: Missing output files: filtered_solid_tissue_normal.tsv
    wildcards: sample=solid_tissue_normal
    resources: tmpdir=/tmp


[Mon Nov 11 15:11:58 2024]
localrule filter:
    input: gdc_sample_sheet.tsv
    output: filtered_primary_tumor.tsv
    jobid: 3
    reason: Missing output files: filtered_primary_tumor.tsv
    wildcards: sample=primary_tumor
    resources: tmpdir=/tmp

[Mon Nov 11 15:11:58 2024]
Finished job 5.
1 of 6 steps (17%) done
Select jobs to execute...
Execute 1 jobs...

[Mon Nov 11 15:11:58 2024]
localrule read_data:
    input: filtered_solid_tissue_normal.tsv
    output: tpm_solid_tissue_normal.tsv
    jobid: 4
    reason: Missing output files: tpm_solid_tissue_normal.tsv; Input files updated by another job: filtered_solid_tissue_normal.tsv; Set of input files has changed since last execution; Code has changed since last execution
    wildcards: sample=solid_tissue_normal
    resources: tmpdir=/tmp

[Mon Nov 11 15:11:58 2024]
Finished job 3.
2 of 6 steps (33%) done
Select jobs to execute...
Execute 1 jobs...

[Mon Nov 11 15:11:58 2024]
localrule read_data:
    input: filtered_primary_tumor.tsv
    output: tpm_primary_tumor.tsv
    jobid: 2
    reason: Missing output files: tpm_primary_tumor.tsv; Input files updated by another job: filtered_primary_tumor.tsv; Set of input files has changed since last execution; Code has changed since last execution
    wildcards: sample=primary_tumor
    resources: tmpdir=/tmp

[Mon Nov 11 15:11:59 2024]
Finished job 4.
3 of 6 steps (50%) done
[Mon Nov 11 15:12:01 2024]
Finished job 2.
4 of 6 steps (67%) done
Select jobs to execute...
Execute 1 jobs...

[Mon Nov 11 15:12:01 2024]
localrule plot:
    input: tpm_primary_tumor.tsv, tpm_solid_tissue_normal.tsv, Rscript.R
    output: plot.png
    jobid: 1
    reason: Missing output files: plot.png; Input files updated by another job: tpm_primary_tumor.tsv, tpm_solid_tissue_normal.tsv
    resources: tmpdir=/tmp

[Mon Nov 11 15:12:07 2024]
Error in rule plot:
    jobid: 1
    input: tpm_primary_tumor.tsv, tpm_solid_tissue_normal.tsv, Rscript.R
    output: plot.png
    shell:
        Rscript Rscript.R
        (one of the commands exited with non-zero exit code; note that snakemake uses bash strict mode!)

Shutting down, this might take some time.
Exiting because a job execution failed. Look above for error message
Complete log: .snakemake/log/2024-11-11T151157.924351.snakemake.log
WorkflowError:
At least one job did not complete successfully.
