host: login01
Building DAG of jobs...
Using shell: /usr/bin/bash
Provided cores: 80
Rules claiming more threads will be scaled down.
Job stats:
job       count
------  -------
filter        1
total         1

Select jobs to execute...
Execute 1 jobs...

[Mon Nov 11 01:50:56 2024]
localrule filter:
    input: gdc_sample_sheet.tsv
    output: filtered_samples/primary_tumor.tsv, filtered_samples/solid_tissue_normal.tsv
    jobid: 0
    reason: Missing output files: filtered_samples/primary_tumor.tsv, filtered_samples/solid_tissue_normal.tsv
    resources: tmpdir=/tmp

[Mon Nov 11 01:51:02 2024]
Error in rule filter:
    jobid: 0
    input: gdc_sample_sheet.tsv
    output: filtered_samples/primary_tumor.tsv, filtered_samples/solid_tissue_normal.tsv

Shutting down, this might take some time.
Exiting because a job execution failed. Look above for error message
Complete log: .snakemake/log/2024-11-11T015056.081177.snakemake.log
WorkflowError:
At least one job did not complete successfully.
