host: login01
Building DAG of jobs...
Using shell: /usr/bin/bash
Provided cores: 80
Rules claiming more threads will be scaled down.
Job stats:
job          count
---------  -------
all              1
filter           2
plot             1
read_data        2
total            6

Select jobs to execute...
Execute 2 jobs...

[Mon Nov 11 16:59:45 2024]
localrule filter:
    input: gdc_sample_sheet.tsv
    output: filtered_primary_tumor.tsv
    jobid: 3
    reason: Missing output files: filtered_primary_tumor.tsv
    wildcards: sample=primary_tumor
    resources: tmpdir=/tmp


[Mon Nov 11 16:59:45 2024]
localrule filter:
    input: gdc_sample_sheet.tsv
    output: filtered_solid_tissue_normal.tsv
    jobid: 5
    reason: Missing output files: filtered_solid_tissue_normal.tsv
    wildcards: sample=solid_tissue_normal
    resources: tmpdir=/tmp

[Mon Nov 11 16:59:45 2024]
Finished job 5.
1 of 6 steps (17%) done
Select jobs to execute...
Execute 1 jobs...

[Mon Nov 11 16:59:45 2024]
localrule read_data:
    input: filtered_solid_tissue_normal.tsv, data/gene_name.tsv
    output: tpm_solid_tissue_normal.tsv
    jobid: 4
    reason: Missing output files: tpm_solid_tissue_normal.tsv; Input files updated by another job: filtered_solid_tissue_normal.tsv; Set of input files has changed since last execution; Code has changed since last execution
    wildcards: sample=solid_tissue_normal
    resources: tmpdir=/tmp

[Mon Nov 11 16:59:45 2024]
Finished job 3.
2 of 6 steps (33%) done
Select jobs to execute...
Execute 1 jobs...

[Mon Nov 11 16:59:45 2024]
localrule read_data:
    input: filtered_primary_tumor.tsv, data/gene_name.tsv
    output: tpm_primary_tumor.tsv
    jobid: 2
    reason: Missing output files: tpm_primary_tumor.tsv; Input files updated by another job: filtered_primary_tumor.tsv; Set of input files has changed since last execution; Code has changed since last execution
    wildcards: sample=primary_tumor
    resources: tmpdir=/tmp

[Mon Nov 11 16:59:48 2024]
Finished job 4.
3 of 6 steps (50%) done
[Mon Nov 11 17:00:06 2024]
Finished job 2.
4 of 6 steps (67%) done
Select jobs to execute...
Execute 1 jobs...

[Mon Nov 11 17:00:06 2024]
localrule plot:
    input: tpm_primary_tumor.tsv, tpm_solid_tissue_normal.tsv, Rscript.R
    output: plot.pdf
    jobid: 1
    reason: Missing output files: plot.pdf; Input files updated by another job: tpm_solid_tissue_normal.tsv, tpm_primary_tumor.tsv
    resources: tmpdir=/tmp

[Mon Nov 11 17:00:09 2024]
Finished job 1.
5 of 6 steps (83%) done
Select jobs to execute...
Execute 1 jobs...

[Mon Nov 11 17:00:09 2024]
localrule all:
    input: plot.pdf
    jobid: 0
    reason: Input files updated by another job: plot.pdf
    resources: tmpdir=/tmp

[Mon Nov 11 17:00:09 2024]
Finished job 0.
6 of 6 steps (100%) done
Complete log: .snakemake/log/2024-11-11T165945.005936.snakemake.log
