host: login01
Building DAG of jobs...
Using shell: /usr/bin/bash
Provided cores: 80
Rules claiming more threads will be scaled down.
Job stats:
job                    count
-------------------  -------
all                        1
filter_sample_types        1
read_data                  2
total                      4

Select jobs to execute...
Execute 2 jobs...

[Mon Nov 11 14:56:04 2024]
localrule filter_sample_types:
    input: data/metadata.tsv
    output: sample_files/Solid_Tissue_Normal.tsv
    jobid: 4
    reason: Missing output files: sample_files/Solid_Tissue_Normal.tsv
    wildcards: sample_type=Solid_Tissue_Normal
    resources: tmpdir=/tmp


[Mon Nov 11 14:56:04 2024]
localrule read_data:
    input: sample_files/Primary_Tumor.tsv
    output: tpm_files/tpm_Primary_Tumor.tsv
    jobid: 1
    reason: Missing output files: tpm_files/tpm_Primary_Tumor.tsv
    wildcards: sample_type=Primary_Tumor
    resources: tmpdir=/tmp

[Mon Nov 11 14:56:04 2024]
Finished job 4.
1 of 4 steps (25%) done
Select jobs to execute...
Execute 1 jobs...

[Mon Nov 11 14:56:04 2024]
localrule read_data:
    input: sample_files/Solid_Tissue_Normal.tsv
    output: tpm_files/tpm_Solid_Tissue_Normal.tsv
    jobid: 3
    reason: Missing output files: tpm_files/tpm_Solid_Tissue_Normal.tsv; Input files updated by another job: sample_files/Solid_Tissue_Normal.tsv
    wildcards: sample_type=Solid_Tissue_Normal
    resources: tmpdir=/tmp

Waiting at most 5 seconds for missing files.
MissingOutputException in rule read_data in file /home/bec51310.iitr/workplace/project/tcga_data_analysis/test2.smk, line 26:
Job 1  completed successfully, but some output files are missing. Missing files after 5 seconds. This might be due to filesystem latency. If that is the case, consider to increase the wait time with --latency-wait:
tpm_files/tpm_Primary_Tumor.tsv (missing locally, parent dir contents: )
Waiting at most 5 seconds for missing files.
MissingOutputException in rule read_data in file /home/bec51310.iitr/workplace/project/tcga_data_analysis/test2.smk, line 26:
Job 3  completed successfully, but some output files are missing. Missing files after 5 seconds. This might be due to filesystem latency. If that is the case, consider to increase the wait time with --latency-wait:
tpm_files/tpm_Solid_Tissue_Normal.tsv (missing locally, parent dir contents: )
Shutting down, this might take some time.
Exiting because a job execution failed. Look above for error message
Complete log: .snakemake/log/2024-11-11T145604.608404.snakemake.log
WorkflowError:
At least one job did not complete successfully.
