host: login01
Building DAG of jobs...
Using shell: /usr/bin/bash
Provided cores: 80
Rules claiming more threads will be scaled down.
Job stats:
job       count
------  -------
filter        1
total         1

Select jobs to execute...
Execute 1 jobs...

[Mon Nov 11 13:48:28 2024]
localrule filter:
    input: gdc_sample_sheet.tsv, data/metadata.tsv
    output: sample_files/Primary Tumor.tsv, sample_files/Solid Tissue Normal.tsv
    jobid: 0
    reason: Missing output files: sample_files/Primary Tumor.tsv, sample_files/Solid Tissue Normal.tsv
    resources: tmpdir=/tmp

RuleException in rule filter in file /home/bec51310.iitr/workplace/project/tcga_data_analysis/test.smk, line 3:
AttributeError: 'Wildcards' object has no attribute 'sample_name', when formatting the following:
grep '{wildcards.sample_name}' {input.sample_file} > sample_files/{wildcards.sample_name// /_}.tsv
