host: login01
Building DAG of jobs...
Using shell: /usr/bin/bash
Provided cores: 1 (use --cores to define parallelism)
Rules claiming more threads will be scaled down.
Job stats:
job          count
---------  -------
read_data        1
total            1

Select jobs to execute...
Execute 1 jobs...

[Wed Oct 23 19:19:15 2024]
localrule read_data:
    input: primary_tumor.tsv, solid_tissue_normal.tsv
    output: tpm_primary_tumor.tsv, tpm_solid_tissue_normal.tsv
    jobid: 0
    reason: Missing output files: tpm_primary_tumor.tsv, tpm_solid_tissue_normal.tsv
    resources: tmpdir=/tmp

[Wed Oct 23 19:19:15 2024]
Error in rule read_data:
    jobid: 0
    input: primary_tumor.tsv, solid_tissue_normal.tsv
    output: tpm_primary_tumor.tsv, tpm_solid_tissue_normal.tsv
    shell:
        
        # Process primary tumor samples
        if [ -f "primary_tumor.tsv" ]; then
            find "primary_tumor.tsv" -name "*.tsv" | xargs grep -E 'NKX2-1\s' | awk '{print $7}' > tpm_primary_tumor.tsv
        fi

        # Process solid tissue normal samples
        if [ -f "solid_tissue_normal.tsv" ]; then
            find "solid_tissue_normal.tsv" -name "*.tsv" | xargs grep -E 'NKX2-1\s' | awk '{print $7}' > tpm_solid_tissue_normal.tsv
        fi
        
        (one of the commands exited with non-zero exit code; note that snakemake uses bash strict mode!)

Removing output files of failed job read_data since they might be corrupted:
tpm_primary_tumor.tsv
Shutting down, this might take some time.
Exiting because a job execution failed. Look above for error message
Complete log: .snakemake/log/2024-10-23T191915.263545.snakemake.log
WorkflowError:
At least one job did not complete successfully.
