host: login01
Building DAG of jobs...
Using shell: /usr/bin/bash
Provided cores: 1 (use --cores to define parallelism)
Rules claiming more threads will be scaled down.
Job stats:
job              count
-------------  -------
filter_sample        1
total                1

Select jobs to execute...
Execute 1 jobs...

[Mon Nov 11 00:22:29 2024]
localrule filter_sample:
    input: gdc_sample_sheet.tsv
    output: primary_tumor.tsv
    jobid: 0
    reason: Missing output files: primary_tumor.tsv
    wildcards: output_file=primary_tumor
    resources: tmpdir=/tmp

[Mon Nov 11 00:22:31 2024]
Finished job 0.
1 of 1 steps (100%) done
Complete log: .snakemake/log/2024-11-11T002229.405488.snakemake.log
