host: login01
Building DAG of jobs...
Using shell: /usr/bin/bash
Provided cores: 1 (use --cores to define parallelism)
Rules claiming more threads will be scaled down.
Job stats:
job          count
---------  -------
filter           1
read_data        1
total            2

Select jobs to execute...
Execute 1 jobs...

[Wed Oct 23 19:23:46 2024]
localrule filter:
    input: gdc_sample_sheet.2024-09-27.tsv
    output: primary_tumor_2024-09-27.tsv, solid_tissue_normal_2024-09-27.tsv
    jobid: 1
    reason: Missing output files: primary_tumor_2024-09-27.tsv, solid_tissue_normal_2024-09-27.tsv
    wildcards: date=2024-09-27
    resources: tmpdir=/tmp

[Wed Oct 23 19:23:46 2024]
Finished job 1.
1 of 2 steps (50%) done
Select jobs to execute...
Execute 1 jobs...

[Wed Oct 23 19:23:46 2024]
localrule read_data:
    input: primary_tumor_2024-09-27.tsv, solid_tissue_normal_2024-09-27.tsv
    output: tpm_primary_tumor_2024-09-27.tsv, tpm_solid_tissue_normal_2024-09-27.tsv
    jobid: 0
    reason: Missing output files: tpm_primary_tumor_2024-09-27.tsv, tpm_solid_tissue_normal_2024-09-27.tsv; Input files updated by another job: primary_tumor_2024-09-27.tsv, solid_tissue_normal_2024-09-27.tsv
    wildcards: date=2024-09-27
    resources: tmpdir=/tmp

[Wed Oct 23 19:23:46 2024]
Error in rule read_data:
    jobid: 0
    input: primary_tumor_2024-09-27.tsv, solid_tissue_normal_2024-09-27.tsv
    output: tpm_primary_tumor_2024-09-27.tsv, tpm_solid_tissue_normal_2024-09-27.tsv
    shell:
        
        # Process primary tumor samples
        if [ -f "primary_tumor_2024-09-27.tsv" ]; then
            find "primary_tumor_2024-09-27.tsv" -name "*.tsv" | xargs grep -E 'NKX2-1\s' | awk '{print $7}' > tpm_primary_tumor_2024-09-27.tsv
        fi

        # Process solid tissue normal samples
        if [ -f "solid_tissue_normal_2024-09-27.tsv" ]; then
            find "solid_tissue_normal_2024-09-27.tsv" -name "*.tsv" | xargs grep -E 'NKX2-1\s' | awk '{print $7}' > tpm_solid_tissue_normal_2024-09-27.tsv
        fi
        
        (one of the commands exited with non-zero exit code; note that snakemake uses bash strict mode!)

Removing output files of failed job read_data since they might be corrupted:
tpm_primary_tumor_2024-09-27.tsv
Shutting down, this might take some time.
Exiting because a job execution failed. Look above for error message
Complete log: .snakemake/log/2024-10-23T192346.308621.snakemake.log
WorkflowError:
At least one job did not complete successfully.
