host: login01
Building DAG of jobs...
Using shell: /usr/bin/bash
Provided cores: 1 (use --cores to define parallelism)
Rules claiming more threads will be scaled down.
Job stats:
job          count
---------  -------
read_data        2
total            2

Select jobs to execute...
Execute 1 jobs...

[Wed Oct 23 19:58:06 2024]
localrule read_data:
    input: solid_tissue_normal.tsv
    output: tpm_solid_tissue_normal.tsv
    jobid: 2
    reason: Missing output files: tpm_solid_tissue_normal.tsv
    wildcards: sample=solid_tissue_normal
    resources: tmpdir=/tmp

[Wed Oct 23 19:58:10 2024]
Finished job 2.
1 of 2 steps (50%) done
Select jobs to execute...
Execute 1 jobs...

[Wed Oct 23 19:58:10 2024]
localrule read_data:
    input: primary_tumor.tsv
    output: tpm_primary_tumor.tsv
    jobid: 0
    reason: Missing output files: tpm_primary_tumor.tsv
    wildcards: sample=primary_tumor
    resources: tmpdir=/tmp

[Wed Oct 23 19:58:23 2024]
Finished job 0.
2 of 2 steps (100%) done
Complete log: .snakemake/log/2024-10-23T195805.965694.snakemake.log
