host: login01
Building DAG of jobs...
Using shell: /usr/bin/bash
Provided cores: 80
Rules claiming more threads will be scaled down.
Job stats:
job       count
------  -------
filter        2
total         2

Select jobs to execute...
Execute 2 jobs...

[Mon Nov 11 12:34:34 2024]
localrule filter:
    input: gdc_sample_sheet.tsv
    output: sample_files/primary_tumor.tsv
    jobid: 0
    reason: Missing output files: sample_files/primary_tumor.tsv
    wildcards: file_name=primary_tumor
    resources: tmpdir=/tmp


[Mon Nov 11 12:34:34 2024]
localrule filter:
    input: gdc_sample_sheet.tsv
    output: sample_files/solid_tissue_normal.tsv
    jobid: 1
    reason: Missing output files: sample_files/solid_tissue_normal.tsv
    wildcards: file_name=solid_tissue_normal
    resources: tmpdir=/tmp

[Mon Nov 11 12:34:34 2024]
Finished job 1.
1 of 2 steps (50%) done
[Mon Nov 11 12:34:34 2024]
Finished job 0.
2 of 2 steps (100%) done
Complete log: .snakemake/log/2024-11-11T123434.097740.snakemake.log
