host: login01
Building DAG of jobs...
Using shell: /usr/bin/bash
Provided cores: 1 (use --cores to define parallelism)
Rules claiming more threads will be scaled down.
Job stats:
job          count
---------  -------
read_data        1
total            1

Select jobs to execute...
Execute 1 jobs...

[Wed Oct 23 19:06:30 2024]
localrule read_data:
    input: primary_tumor.tsv
    output: tpm_pt.tsv
    jobid: 0
    reason: Missing output files: tpm_pt.tsv
    resources: tmpdir=/tmp

Terminating processes on user request, this might take some time.
[Wed Oct 23 19:06:35 2024]
Error in rule read_data:
    jobid: 0
    input: primary_tumor.tsv
    output: tpm_pt.tsv
    shell:
        
        while read file; do
            if [-d "$file"]; then
                find "$file" -name "*.tsv" | xargs grep -E 'NKX2-1\s' | awk '{print $7}' >> tpm_pt.tsv
            fi
        done < primary_tumor.tsv        
        
        (one of the commands exited with non-zero exit code; note that snakemake uses bash strict mode!)

Complete log: .snakemake/log/2024-10-23T190630.240081.snakemake.log
WorkflowError:
At least one job did not complete successfully.
