host: login01
Building DAG of jobs...
Using shell: /usr/bin/bash
Provided cores: 80
Rules claiming more threads will be scaled down.
Job stats:
job      count
-----  -------
all          1
plot         1
total        2

Select jobs to execute...
Execute 1 jobs...

[Mon Nov 11 15:39:06 2024]
localrule plot:
    input: tpm_primary_tumor.tsv, tpm_solid_tissue_normal.tsv, Rscript.R
    output: plot.png
    jobid: 1
    reason: Missing output files: plot.png
    resources: tmpdir=/tmp

Terminating processes on user request, this might take some time.
[Mon Nov 11 15:39:06 2024]
Error in rule plot:
    jobid: 1
    input: tpm_primary_tumor.tsv, tpm_solid_tissue_normal.tsv, Rscript.R
    output: plot.png
    shell:
        Rscript Rscript.R
        (one of the commands exited with non-zero exit code; note that snakemake uses bash strict mode!)

Complete log: .snakemake/log/2024-11-11T153905.996180.snakemake.log
WorkflowError:
At least one job did not complete successfully.
