host: login01
Building DAG of jobs...
Using shell: /usr/bin/bash
Provided cores: 80
Rules claiming more threads will be scaled down.
Job stats:
job          count
---------  -------
all              1
filter           2
plot             1
read_data        2
total            6

Select jobs to execute...
Execute 2 jobs...

[Mon Nov 11 17:10:19 2024]
localrule filter:
    input: gdc_sample_sheet.tsv
    output: gene_files/primary_tumor.tsv
    jobid: 3
    reason: Missing output files: gene_files/primary_tumor.tsv
    wildcards: sample=primary_tumor
    resources: tmpdir=/tmp


[Mon Nov 11 17:10:19 2024]
localrule filter:
    input: gdc_sample_sheet.tsv
    output: gene_files/solid_tissue_normal.tsv
    jobid: 5
    reason: Missing output files: gene_files/solid_tissue_normal.tsv
    wildcards: sample=solid_tissue_normal
    resources: tmpdir=/tmp

[Mon Nov 11 17:10:19 2024]
Finished job 5.
1 of 6 steps (17%) done
Select jobs to execute...
Execute 1 jobs...

[Mon Nov 11 17:10:19 2024]
localrule read_data:
    input: gene_files/solid_tissue_normal.tsv, data/gene_name.tsv
    output: tpm_files/tpm_solid_tissue_normal.tsv
    jobid: 4
    reason: Missing output files: tpm_files/tpm_solid_tissue_normal.tsv; Input files updated by another job: gene_files/solid_tissue_normal.tsv
    wildcards: sample=solid_tissue_normal
    resources: tmpdir=/tmp

[Mon Nov 11 17:10:19 2024]
Finished job 3.
2 of 6 steps (33%) done
Select jobs to execute...
Execute 1 jobs...

[Mon Nov 11 17:10:19 2024]
localrule read_data:
    input: gene_files/primary_tumor.tsv, data/gene_name.tsv
    output: tpm_files/tpm_primary_tumor.tsv
    jobid: 2
    reason: Missing output files: tpm_files/tpm_primary_tumor.tsv; Input files updated by another job: gene_files/primary_tumor.tsv
    wildcards: sample=primary_tumor
    resources: tmpdir=/tmp

[Mon Nov 11 17:10:20 2024]
Finished job 4.
3 of 6 steps (50%) done
[Mon Nov 11 17:10:26 2024]
Finished job 2.
4 of 6 steps (67%) done
Select jobs to execute...
Execute 1 jobs...

[Mon Nov 11 17:10:26 2024]
localrule plot:
    input: tpm_files/tpm_primary_tumor.tsv, tpm_files/tpm_solid_tissue_normal.tsv, scripts/Rscript.R
    output: plot.pdf
    jobid: 1
    reason: Missing output files: plot.pdf; Input files updated by another job: tpm_files/tpm_primary_tumor.tsv, tpm_files/tpm_solid_tissue_normal.tsv; Set of input files has changed since last execution
    resources: tmpdir=/tmp

[Mon Nov 11 17:10:27 2024]
Error in rule plot:
    jobid: 1
    input: tpm_files/tpm_primary_tumor.tsv, tpm_files/tpm_solid_tissue_normal.tsv, scripts/Rscript.R
    output: plot.pdf
    shell:
        Rscript scripts/Rscript.R
        (one of the commands exited with non-zero exit code; note that snakemake uses bash strict mode!)

Shutting down, this might take some time.
Exiting because a job execution failed. Look above for error message
Complete log: .snakemake/log/2024-11-11T171019.730881.snakemake.log
WorkflowError:
At least one job did not complete successfully.
