host: login01
Building DAG of jobs...
Using shell: /usr/bin/bash
Provided cores: 1 (use --cores to define parallelism)
Rules claiming more threads will be scaled down.
Job stats:
job          count
---------  -------
read_data        2
total            2

Select jobs to execute...
Execute 1 jobs...

[Wed Oct 23 19:47:43 2024]
localrule read_data:
    input: primary_tumor.tsv
    output: tpm_primary_tumor.tsv
    jobid: 2
    reason: Missing output files: tpm_primary_tumor.tsv
    wildcards: sample=primary_tumor
    resources: tmpdir=/tmp

[Wed Oct 23 19:47:43 2024]
Error in rule read_data:
    jobid: 2
    input: primary_tumor.tsv
    output: tpm_primary_tumor.tsv
    shell:
        
        for file in primary_tumor.tsv; do
            if [ -f "$file" ]; then
                grep -E 'NKX2-1\s' "$file" | awk '{print $7}' >> tpm_primary_tumor.tsv
            fi
        done
        
        (one of the commands exited with non-zero exit code; note that snakemake uses bash strict mode!)

Removing output files of failed job read_data since they might be corrupted:
tpm_primary_tumor.tsv
Shutting down, this might take some time.
Exiting because a job execution failed. Look above for error message
Complete log: .snakemake/log/2024-10-23T194743.191441.snakemake.log
WorkflowError:
At least one job did not complete successfully.
