host: login01
Building DAG of jobs...
Using shell: /usr/bin/bash
Provided cores: 1 (use --cores to define parallelism)
Rules claiming more threads will be scaled down.
Job stats:
job      count
-----  -------
plot         1
total        1

Select jobs to execute...
Execute 1 jobs...

[Wed Oct 23 22:37:44 2024]
localrule plot:
    input: tpm_primary_tumor.tsv, tpm_solid_tissue_normal.tsv
    output: plot.pdf
    jobid: 0
    reason: Missing output files: plot.pdf
    resources: tmpdir=/tmp

[Wed Oct 23 22:37:44 2024]
Error in rule plot:
    jobid: 0
    input: tpm_primary_tumor.tsv, tpm_solid_tissue_normal.tsv
    output: plot.pdf
    shell:
        Rscipt tpm_primary_tumor.tsv tpm_solid_tissue_normal.tsv > plot.pdf
        (one of the commands exited with non-zero exit code; note that snakemake uses bash strict mode!)

Removing output files of failed job plot since they might be corrupted:
plot.pdf
Shutting down, this might take some time.
Exiting because a job execution failed. Look above for error message
Complete log: .snakemake/log/2024-10-23T223744.793159.snakemake.log
WorkflowError:
At least one job did not complete successfully.
