host: login01
Building DAG of jobs...
Using shell: /usr/bin/bash
Provided cores: 1 (use --cores to define parallelism)
Rules claiming more threads will be scaled down.
Job stats:
job          count
---------  -------
filter           1
read_data        1
total            2

Select jobs to execute...
Execute 1 jobs...

[Wed Oct 23 19:05:18 2024]
localrule filter:
    input: gdc_sample_sheet.2024-09-27.tsv
    output: primary_tumor.tsv, solid_tissue_normal.tsv
    jobid: 1
    reason: Updated input files: gdc_sample_sheet.2024-09-27.tsv
    resources: tmpdir=/tmp

[Wed Oct 23 19:05:18 2024]
Finished job 1.
1 of 2 steps (50%) done
Select jobs to execute...
Execute 1 jobs...

[Wed Oct 23 19:05:18 2024]
localrule read_data:
    input: primary_tumor.tsv
    output: tpm_pt.tsv
    jobid: 0
    reason: Input files updated by another job: primary_tumor.tsv
    resources: tmpdir=/tmp

[Wed Oct 23 19:05:18 2024]
Error in rule read_data:
    jobid: 0
    input: primary_tumor.tsv
    output: tpm_pt.tsv
    shell:
        
        while read files; do
            if [-d "$file"]; then
                find "$file" -name "*.tsv" | xargs grep -E 'NKX2-1\s' | awk '{print $7}' >> tpm_pt.tsv
            fi
        done < primary_tumor.tsv        
        
        (one of the commands exited with non-zero exit code; note that snakemake uses bash strict mode!)

Shutting down, this might take some time.
Exiting because a job execution failed. Look above for error message
Complete log: .snakemake/log/2024-10-23T190518.356754.snakemake.log
WorkflowError:
At least one job did not complete successfully.
