host: login01
Building DAG of jobs...
Using shell: /usr/bin/bash
Provided cores: 80
Rules claiming more threads will be scaled down.
Job stats:
job          count
---------  -------
filter           2
plot             1
read_data        2
total            5

Select jobs to execute...
Execute 2 jobs...

[Mon Nov 11 17:21:44 2024]
localrule filter:
    input: gdc_sample_sheet.tsv
    output: gene_files/solid_tissue_normal.tsv
    jobid: 4
    reason: Missing output files: gene_files/solid_tissue_normal.tsv
    wildcards: sample=solid_tissue_normal
    resources: tmpdir=/tmp


[Mon Nov 11 17:21:44 2024]
localrule filter:
    input: gdc_sample_sheet.tsv
    output: gene_files/primary_tumor.tsv
    jobid: 2
    reason: Missing output files: gene_files/primary_tumor.tsv
    wildcards: sample=primary_tumor
    resources: tmpdir=/tmp

[Mon Nov 11 17:21:44 2024]
Finished job 4.
1 of 5 steps (20%) done
Select jobs to execute...
Execute 1 jobs...

[Mon Nov 11 17:21:44 2024]
localrule read_data:
    input: gene_files/solid_tissue_normal.tsv, data/gene_name.tsv
    output: tpm_files/tpm_solid_tissue_normal.tsv
    jobid: 3
    reason: Missing output files: tpm_files/tpm_solid_tissue_normal.tsv; Input files updated by another job: gene_files/solid_tissue_normal.tsv; Code has changed since last execution
    wildcards: sample=solid_tissue_normal
    resources: tmpdir=/tmp

[Mon Nov 11 17:21:44 2024]
Finished job 2.
2 of 5 steps (40%) done
Select jobs to execute...
Execute 1 jobs...

[Mon Nov 11 17:21:44 2024]
localrule read_data:
    input: gene_files/primary_tumor.tsv, data/gene_name.tsv
    output: tpm_files/tpm_primary_tumor.tsv
    jobid: 1
    reason: Missing output files: tpm_files/tpm_primary_tumor.tsv; Input files updated by another job: gene_files/primary_tumor.tsv; Code has changed since last execution
    wildcards: sample=primary_tumor
    resources: tmpdir=/tmp

[Mon Nov 11 17:21:45 2024]
Finished job 3.
3 of 5 steps (60%) done
[Mon Nov 11 17:21:50 2024]
Finished job 1.
4 of 5 steps (80%) done
Select jobs to execute...
Execute 1 jobs...

[Mon Nov 11 17:21:50 2024]
localrule plot:
    input: tpm_files/tpm_primary_tumor.tsv, tpm_files/tpm_solid_tissue_normal.tsv, scripts/Rscript.R
    output: plot.pdf
    jobid: 0
    reason: Input files updated by another job: tpm_files/tpm_solid_tissue_normal.tsv, tpm_files/tpm_primary_tumor.tsv
    resources: tmpdir=/tmp

[Mon Nov 11 17:21:51 2024]
Finished job 0.
5 of 5 steps (100%) done
Complete log: .snakemake/log/2024-11-11T172144.431222.snakemake.log
