host: login01
Building DAG of jobs...
Using shell: /usr/bin/bash
Provided cores: 80
Rules claiming more threads will be scaled down.
Job stats:
job       count
------  -------
filter        1
total         1

Select jobs to execute...
Execute 1 jobs...

[Mon Nov 11 01:56:16 2024]
localrule filter:
    input: gdc_sample_sheet.tsv
    output: filtered_samples/primary_tumor.tsv, filtered_samples/solid_tissue_normal.tsv
    jobid: 0
    reason: Missing output files: filtered_samples/solid_tissue_normal.tsv, filtered_samples/primary_tumor.tsv
    resources: tmpdir=/tmp

RuleException in rule filter in file /home/bec51310.iitr/workplace/project/tcga_data_analysis/test.smk, line 11:
AttributeError: 'Wildcards' object has no attribute 'file_name', when formatting the following:

        # Grep the sample in the input file and save output to the corresponding file
        grep -w {wildcards.file_name} {input} > {output}
        
