host: login01
Building DAG of jobs...
Using shell: /usr/bin/bash
Provided cores: 80
Rules claiming more threads will be scaled down.
Job stats:
job       count
------  -------
filter        1
total         1

Select jobs to execute...
Execute 1 jobs...

[Mon Nov 11 02:04:41 2024]
localrule filter:
    input: gdc_sample_sheet.tsv
    output: filtered_samples/primary_tumor.tsv
    jobid: 0
    reason: Missing output files: filtered_samples/primary_tumor.tsv
    wildcards: file_name=primary_tumor
    resources: tmpdir=/tmp

[Mon Nov 11 02:04:41 2024]
Finished job 0.
1 of 1 steps (100%) done
Complete log: .snakemake/log/2024-11-11T020441.185989.snakemake.log
