host: login01
Building DAG of jobs...
Using shell: /usr/bin/bash
Provided cores: 1 (use --cores to define parallelism)
Rules claiming more threads will be scaled down.
Job stats:
job          count
---------  -------
filter           1
read_data        1
total            2

Select jobs to execute...
Execute 1 jobs...

[Wed Oct 23 19:54:10 2024]
localrule filter:
    input: gdc_sample_sheet.2024-09-27.tsv
    output: primary_tumor.tsv, solid_tissue_normal.tsv
    jobid: 1
    reason: Missing output files: primary_tumor.tsv
    resources: tmpdir=/tmp

[Wed Oct 23 19:54:10 2024]
Finished job 1.
1 of 2 steps (50%) done
Select jobs to execute...
Execute 1 jobs...

[Wed Oct 23 19:54:10 2024]
localrule read_data:
    input: primary_tumor.tsv
    output: tpm_pt.tsv
    jobid: 0
    reason: Missing output files: tpm_pt.tsv; Input files updated by another job: primary_tumor.tsv
    resources: tmpdir=/tmp

[Wed Oct 23 19:54:24 2024]
Finished job 0.
2 of 2 steps (100%) done
Complete log: .snakemake/log/2024-10-23T195410.819035.snakemake.log
