host: login06
Building DAG of jobs...
Using shell: /usr/bin/bash
Provided cores: 40
Rules claiming more threads will be scaled down.
Job stats:
job          count
---------  -------
filter           1
plot             1
read_data        2
total            4

Select jobs to execute...
Execute 1 jobs...

[Sat Nov  2 14:46:49 2024]
localrule filter:
    input: gdc_sample_sheet.2024-09-27.tsv
    output: primary_tumor.tsv, solid_tissue_normal.tsv
    jobid: 2
    reason: Missing output files: primary_tumor.tsv, solid_tissue_normal.tsv
    resources: tmpdir=/tmp

[Sat Nov  2 14:46:49 2024]
Finished job 2.
1 of 4 steps (25%) done
Select jobs to execute...
Execute 2 jobs...

[Sat Nov  2 14:46:49 2024]
localrule read_data:
    input: solid_tissue_normal.tsv
    output: tpm_solid_tissue_normal.tsv
    jobid: 3
    reason: Missing output files: tpm_solid_tissue_normal.tsv; Input files updated by another job: solid_tissue_normal.tsv
    wildcards: sample=solid_tissue_normal
    resources: tmpdir=/tmp


[Sat Nov  2 14:46:49 2024]
localrule read_data:
    input: primary_tumor.tsv
    output: tpm_primary_tumor.tsv
    jobid: 1
    reason: Missing output files: tpm_primary_tumor.tsv; Input files updated by another job: primary_tumor.tsv
    wildcards: sample=primary_tumor
    resources: tmpdir=/tmp

[Sat Nov  2 14:46:55 2024]
Finished job 3.
2 of 4 steps (50%) done
[Sat Nov  2 14:47:40 2024]
Finished job 1.
3 of 4 steps (75%) done
Select jobs to execute...
Execute 1 jobs...

[Sat Nov  2 14:47:40 2024]
localrule plot:
    input: tpm_primary_tumor.tsv, tpm_solid_tissue_normal.tsv, Rscript.R
    output: plot.png
    jobid: 0
    reason: Missing output files: plot.png; Input files updated by another job: tpm_primary_tumor.tsv, tpm_solid_tissue_normal.tsv
    resources: tmpdir=/tmp

[Sat Nov  2 14:47:41 2024]
Finished job 0.
4 of 4 steps (100%) done
Complete log: .snakemake/log/2024-11-02T144648.902791.snakemake.log
